2019-05-14 14:01:09.755  INFO 14584 --- [main] lavalink.server.Launcher                 : 

[32m       .  [31m _                  _ _       _    [32m__ _ _
[32m      /\\ [31m| | __ ___   ____ _| (_)_ __ | | __[32m\ \ \ \
[32m     ( ( )[31m| |/ _` \ \ / / _` | | | '_ \| |/ /[32m \ \ \ \
[32m      \\/ [31m| | (_| |\ V / (_| | | | | | |   < [32m  ) ) ) )
[32m       '  [31m|_|\__,_| \_/ \__,_|_|_|_| |_|_|\_\[32m / / / /
[0m    =========================================[32m/_/_/_/[0m

	Version:        b0a0eca2ee66750fec199094b900b191a92074a9-SNAPSHOT
	Build:          768
	Build time:     01.04.2019 21:26:58 CEST
	Branch          master
	Commit:         b0a0eca
	Commit time:    01.04.2019 21:25:14 CEST
	JVM:            12.0.1
	Lavaplayer      1.3.10

2019-05-14 14:01:09.815  INFO 14584 --- [main] o.s.boot.SpringApplication               :        .   _                  _ _       _    __ _ _
      /\\ | | __ ___   ____ _| (_)_ __ | | __\ \ \ \
     ( ( )| |/ _` \ \ / / _` | | | '_ \| |/ / \ \ \ \
      \\/ | | (_| |\ V / (_| | | | | | |   <   ) ) ) )
       '  |_|\__,_| \_/ \__,_|_|_|_| |_|_|\_\ / / / /
    =========================================/_/_/_/

    :: Lavalink    ::       
    :: Spring Boot ::        (v2.0.4.RELEASE)


2019-05-14 14:01:09.916  INFO 14584 --- [main] lavalink.server.Launcher                 : Starting Launcher on DESKTOP-CLQ6C0H with PID 14584 (C:\Users\haegg\Desktop\Code\DiscordBot_WindowsForms\DiscordBot\bin\Lavalink.jar started by haegg in C:\Users\haegg\Desktop\Code\DiscordBot_WindowsForms\DiscordBot\bin)
2019-05-14 14:01:09.917  INFO 14584 --- [main] lavalink.server.Launcher                 : No active profile set, falling back to default profiles: default
2019-05-14 14:01:09.963  INFO 14584 --- [main] ConfigServletWebServerApplicationContext : Refreshing org.springframework.boot.web.servlet.context.AnnotationConfigServletWebServerApplicationContext@4c40b76e: startup date [Tue May 14 14:01:09 CEST 2019]; root of context hierarchy
2019-05-14 14:01:09.976  WARN 14584 --- [background-preinit] o.s.h.c.j.Jackson2ObjectMapperBuilder    : For Jackson Kotlin classes support please add "com.fasterxml.jackson.module:jackson-module-kotlin" to the classpath
2019-05-14 14:01:11.152  INFO 14584 --- [main] org.xnio                                 : XNIO version 3.3.8.Final
2019-05-14 14:01:11.165  INFO 14584 --- [main] org.xnio.nio                             : XNIO NIO Implementation Version 3.3.8.Final
2019-05-14 14:01:11.236  WARN 14584 --- [main] io.undertow.websockets.jsr               : UT026009: XNIO worker was not set on WebSocketDeploymentInfo, the default worker will be used
2019-05-14 14:01:11.237  WARN 14584 --- [main] io.undertow.websockets.jsr               : UT026010: Buffer pool was not set on WebSocketDeploymentInfo, the default pool will be used
2019-05-14 14:01:11.265  INFO 14584 --- [main] io.undertow.servlet                      : Initializing Spring embedded WebApplicationContext
2019-05-14 14:01:11.266  INFO 14584 --- [main] o.s.web.context.ContextLoader            : Root WebApplicationContext: initialization completed in 1303 ms
2019-05-14 14:01:11.363  INFO 14584 --- [main] o.s.b.w.servlet.ServletRegistrationBean  : Servlet dispatcherServlet mapped to [/]
2019-05-14 14:01:11.370  INFO 14584 --- [main] o.s.b.w.servlet.FilterRegistrationBean   : Mapping filter: 'characterEncodingFilter' to: [/*]
2019-05-14 14:01:11.372  INFO 14584 --- [main] o.s.b.w.servlet.FilterRegistrationBean   : Mapping filter: 'hiddenHttpMethodFilter' to: [/*]
2019-05-14 14:01:11.372  INFO 14584 --- [main] o.s.b.w.servlet.FilterRegistrationBean   : Mapping filter: 'httpPutFormContentFilter' to: [/*]
2019-05-14 14:01:11.373  INFO 14584 --- [main] o.s.b.w.servlet.FilterRegistrationBean   : Mapping filter: 'requestContextFilter' to: [/*]
2019-05-14 14:01:11.374  INFO 14584 --- [main] o.s.b.w.servlet.FilterRegistrationBean   : Mapping filter: 'responseHeaderFilter' to: [/*]
2019-05-14 14:01:11.765  WARN 14584 --- [main] l.server.config.SentryConfiguration      : Turning off sentry
2019-05-14 14:01:11.773  INFO 14584 --- [main] l.s.c.AudioSendFactoryConfiguration      : OS: Windows 10, Arch: amd64
2019-05-14 14:01:11.774  INFO 14584 --- [main] l.s.c.AudioSendFactoryConfiguration      : JDA-NAS supported system detected. Enabled native audio sending.
2019-05-14 14:01:11.774  INFO 14584 --- [main] l.s.c.AudioSendFactoryConfiguration      : Setting buffer to 400ms
2019-05-14 14:01:11.775  INFO 14584 --- [main] l.s.c.AudioSendFactoryConfiguration      : Setting playlist load limit to 6
2019-05-14 14:01:12.364  INFO 14584 --- [main] c.s.d.l.tools.GarbageCollectionMonitor   : GC monitoring enabled, reporting results every 2 minutes.
2019-05-14 14:01:12.444  INFO 14584 --- [main] o.s.w.s.s.s.WebSocketHandlerMapping      : Root mapping to handler of type [class org.springframework.web.socket.server.support.WebSocketHttpRequestHandler]
2019-05-14 14:01:12.665  INFO 14584 --- [main] o.s.w.s.handler.SimpleUrlHandlerMapping  : Mapped URL path [/**/favicon.ico] onto handler of type [class org.springframework.web.servlet.resource.ResourceHttpRequestHandler]
2019-05-14 14:01:12.935  INFO 14584 --- [main] s.w.s.m.m.a.RequestMappingHandlerAdapter : Looking for @ControllerAdvice: org.springframework.boot.web.servlet.context.AnnotationConfigServletWebServerApplicationContext@4c40b76e: startup date [Tue May 14 14:01:09 CEST 2019]; root of context hierarchy
2019-05-14 14:01:13.007  INFO 14584 --- [main] s.w.s.m.m.a.RequestMappingHandlerMapping : Mapped "{[/debug/nashorn],methods=[POST]}" onto public java.lang.String lavalink.server.util.DebugRestHandler.getLoadTracks(javax.servlet.http.HttpServletRequest,javax.servlet.http.HttpServletResponse,java.lang.String,java.lang.String)
2019-05-14 14:01:13.011  INFO 14584 --- [main] s.w.s.m.m.a.RequestMappingHandlerMapping : Mapped "{[/loadtracks],methods=[GET],produces=[application/json]}" onto public java.util.concurrent.CompletionStage<org.springframework.http.ResponseEntity<java.lang.String>> lavalink.server.player.AudioLoaderRestHandler.getLoadTracks(javax.servlet.http.HttpServletRequest,java.lang.String)
2019-05-14 14:01:13.013  INFO 14584 --- [main] s.w.s.m.m.a.RequestMappingHandlerMapping : Mapped "{[/decodetracks],methods=[POST],consumes=[application/json],produces=[application/json]}" onto public org.springframework.http.ResponseEntity<java.lang.String> lavalink.server.player.AudioLoaderRestHandler.postDecodeTracks(javax.servlet.http.HttpServletRequest,java.lang.String) throws java.io.IOException
2019-05-14 14:01:13.014  INFO 14584 --- [main] s.w.s.m.m.a.RequestMappingHandlerMapping : Mapped "{[/decodetrack],methods=[GET],produces=[application/json]}" onto public org.springframework.http.ResponseEntity<java.lang.String> lavalink.server.player.AudioLoaderRestHandler.getDecodeTrack(javax.servlet.http.HttpServletRequest,java.lang.String) throws java.io.IOException
2019-05-14 14:01:13.017  INFO 14584 --- [main] s.w.s.m.m.a.RequestMappingHandlerMapping : Mapped "{[/error]}" onto public org.springframework.http.ResponseEntity<java.util.Map<java.lang.String, java.lang.Object>> org.springframework.boot.autoconfigure.web.servlet.error.BasicErrorController.error(javax.servlet.http.HttpServletRequest)
2019-05-14 14:01:13.018  INFO 14584 --- [main] s.w.s.m.m.a.RequestMappingHandlerMapping : Mapped "{[/error],produces=[text/html]}" onto public org.springframework.web.servlet.ModelAndView org.springframework.boot.autoconfigure.web.servlet.error.BasicErrorController.errorHtml(javax.servlet.http.HttpServletRequest,javax.servlet.http.HttpServletResponse)
2019-05-14 14:01:13.048  INFO 14584 --- [main] o.s.w.s.handler.SimpleUrlHandlerMapping  : Mapped URL path [/webjars/**] onto handler of type [class org.springframework.web.servlet.resource.ResourceHttpRequestHandler]
2019-05-14 14:01:13.049  INFO 14584 --- [main] o.s.w.s.handler.SimpleUrlHandlerMapping  : Mapped URL path [/**] onto handler of type [class org.springframework.web.servlet.resource.ResourceHttpRequestHandler]
2019-05-14 14:01:13.312  INFO 14584 --- [main] o.s.j.e.a.AnnotationMBeanExporter        : Registering beans for JMX exposure on startup
2019-05-14 14:01:13.319  INFO 14584 --- [main] o.s.c.support.DefaultLifecycleProcessor  : Starting beans in phase 2147483647
2019-05-14 14:01:13.397  INFO 14584 --- [main] o.s.b.w.e.u.UndertowServletWebServer     : Undertow started on port(s) 2333 (http) with context path ''
2019-05-14 14:01:13.402  INFO 14584 --- [main] lavalink.server.Launcher                 : Started Launcher in 4.003 seconds (JVM running for 4.423)
2019-05-14 14:01:18.451  INFO 14584 --- [XNIO-2 task-1] io.undertow.servlet                      : Initializing Spring FrameworkServlet 'dispatcherServlet'
2019-05-14 14:01:18.452  INFO 14584 --- [XNIO-2 task-1] o.s.web.servlet.DispatcherServlet        : FrameworkServlet 'dispatcherServlet': initialization started
2019-05-14 14:01:18.465  INFO 14584 --- [XNIO-2 task-1] o.s.web.servlet.DispatcherServlet        : FrameworkServlet 'dispatcherServlet': initialization completed in 12 ms
2019-05-14 14:01:18.485  INFO 14584 --- [XNIO-2 task-1] l.server.io.HandshakeInterceptorImpl     : Incoming connection from /127.0.0.1:64416
2019-05-14 14:01:18.545  INFO 14584 --- [XNIO-2 task-1] c.s.d.l.tools.GarbageCollectionMonitor   : GC monitoring enabled, reporting results every 2 minutes.
2019-05-14 14:01:18.599  INFO 14584 --- [XNIO-2 task-1] lavalink.server.io.SocketServer          : Connection successfully established from /127.0.0.1:64416
2019-05-14 14:01:45.752  INFO 14584 --- [XNIO-2 task-2] l.server.player.AudioLoaderRestHandler   : GET /loadtracks
2019-05-14 14:01:46.528  INFO 14584 --- [lava-daemon-pool-info-loader-2-thread-1] lavalink.server.player.AudioLoader       : Loaded playlist Search results for: ds<g
2019-05-14 14:01:46.721  INFO 14584 --- [XNIO-2 I/O-4] lavalink.server.io.SocketServer          : {"track":"QAAAmgIAJ0QuUy5HIC0gQXJ2b3N0ZWxpam9pbGxlIChtdXNpaWtraXZpZGVvKQAZU3RyZWV0IExpZmUgUmVjb3JkcyBHLlcuQQAAAAAAA2sAAAswTjdKRzBzUTBJNAABACtodHRwczovL3d3dy55b3V0dWJlLmNvbS93YXRjaD92PTBON0pHMHNRMEk0AAd5b3V0dWJlAAAAAAAAAAA=","startTime":0,"stopTime":224000,"noReplace":true,"guildId":"238744571213905920","op":"play"}
2019-05-14 14:01:46.937  INFO 14584 --- [XNIO-2 I/O-4] lavalink.server.io.SocketServer          : {"sessionId":"cf16775f2e62420c74243ad4f5bf6cff","event":{"token":"368ed03c90fca18d","guild_id":"238744571213905920","endpoint":"eu-central468.discord.gg:80"},"guildId":"238744571213905920","op":"voiceUpdate"}
2019-05-14 14:01:50.715  INFO 14584 --- [XNIO-2 I/O-4] lavalink.server.io.SocketServer          : {"guildId":"238744571213905920","op":"stop"}
2019-05-14 14:02:21.669  INFO 14584 --- [XNIO-2 task-4] l.server.player.AudioLoaderRestHandler   : GET /loadtracks
2019-05-14 14:02:22.105  INFO 14584 --- [lava-daemon-pool-info-loader-2-thread-1] lavalink.server.player.AudioLoader       : Loaded playlist Search results for: rosa helikopter
2019-05-14 14:02:22.261  INFO 14584 --- [XNIO-2 I/O-4] lavalink.server.io.SocketServer          : {"track":"QAAAiQIAJ1BlYWNoZXMgLSBSb3NhIEhlbGlrb3B0ZXIgSElUUyBGT1IgS0lEUwAIQmFyYSBKYWcAAAAAAAMVEAALcExfSlhGYmg5Y2MAAQAraHR0cHM6Ly93d3cueW91dHViZS5jb20vd2F0Y2g/dj1wTF9KWEZiaDljYwAHeW91dHViZQAAAAAAAAAA","startTime":0,"stopTime":202000,"noReplace":true,"guildId":"238744571213905920","op":"play"}
2019-05-14 14:02:40.273  INFO 14584 --- [XNIO-2 I/O-4] lavalink.server.io.SocketServer          : {"volume":30,"guildId":"238744571213905920","op":"volume"}
2019-05-14 14:04:02.018  INFO 14584 --- [XNIO-2 I/O-4] lavalink.server.io.SocketServer          : {"pause":true,"guildId":"238744571213905920","op":"pause"}
2019-05-14 14:04:06.449  INFO 14584 --- [XNIO-2 I/O-4] lavalink.server.io.SocketServer          : {"pause":false,"guildId":"238744571213905920","op":"pause"}
2019-05-14 14:06:09.421  INFO 14584 --- [XNIO-2 task-6] l.server.player.AudioLoaderRestHandler   : GET /loadtracks
2019-05-14 14:06:09.944  INFO 14584 --- [lava-daemon-pool-info-loader-2-thread-1] lavalink.server.player.AudioLoader       : Loaded playlist Search results for: rosa helikopter
2019-05-14 14:06:10.116  INFO 14584 --- [XNIO-2 I/O-4] lavalink.server.io.SocketServer          : {"track":"QAAAiQIAJ1BlYWNoZXMgLSBSb3NhIEhlbGlrb3B0ZXIgSElUUyBGT1IgS0lEUwAIQmFyYSBKYWcAAAAAAAMVEAALcExfSlhGYmg5Y2MAAQAraHR0cHM6Ly93d3cueW91dHViZS5jb20vd2F0Y2g/dj1wTF9KWEZiaDljYwAHeW91dHViZQAAAAAAAAAA","startTime":0,"stopTime":202000,"noReplace":true,"guildId":"238744571213905920","op":"play"}
2019-05-14 14:06:49.690  INFO 14584 --- [XNIO-2 I/O-4] lavalink.server.io.SocketServer          : Connection closed from /127.0.0.1:64416 -- CloseStatus[code=1006, reason=]
2019-05-14 14:06:49.693  INFO 14584 --- [XNIO-2 I/O-4] lavalink.server.io.SocketContext         : Shutting down 1 playing players.
2019-05-14 14:06:49.695  INFO 14584 --- [XNIO-2 I/O-4] c.s.d.l.tools.GarbageCollectionMonitor   : GC monitoring disabled.
2019-05-14 14:06:49.700  WARN 14584 --- [lava-daemon-pool-playback-5-thread-1] c.s.d.l.t.p.LocalAudioTrackExecutor      : Suspicious exception for playback of pL_JXFbh9cc

com.sedmelluq.discord.lavaplayer.tools.FriendlyException: The track was unexpectedly terminated.
	at com.sedmelluq.discord.lavaplayer.track.playback.LocalAudioTrackExecutor.handlePlaybackInterrupt(LocalAudioTrackExecutor.java:323) ~[lavaplayer-1.3.10.jar!/:na]
	at com.sedmelluq.discord.lavaplayer.track.playback.LocalAudioTrackExecutor.executeProcessingLoop(LocalAudioTrackExecutor.java:267) ~[lavaplayer-1.3.10.jar!/:na]
	at com.sedmelluq.discord.lavaplayer.container.matroska.MatroskaAudioTrack.process(MatroskaAudioTrack.java:38) ~[lavaplayer-1.3.10.jar!/:na]
	at com.sedmelluq.discord.lavaplayer.track.DelegatedAudioTrack.processDelegate(DelegatedAudioTrack.java:27) ~[lavaplayer-1.3.10.jar!/:na]
	at com.sedmelluq.discord.lavaplayer.source.youtube.YoutubeAudioTrack.processStatic(YoutubeAudioTrack.java:75) ~[lavaplayer-1.3.10.jar!/:na]
	at com.sedmelluq.discord.lavaplayer.source.youtube.YoutubeAudioTrack.process(YoutubeAudioTrack.java:67) ~[lavaplayer-1.3.10.jar!/:na]
	at com.sedmelluq.discord.lavaplayer.track.playback.LocalAudioTrackExecutor.execute(LocalAudioTrackExecutor.java:90) ~[lavaplayer-1.3.10.jar!/:na]
	at com.sedmelluq.discord.lavaplayer.player.DefaultAudioPlayerManager.lambda$executeTrack$1(DefaultAudioPlayerManager.java:349) ~[lavaplayer-1.3.10.jar!/:na]
	at java.base/java.util.concurrent.ThreadPoolExecutor.runWorker(ThreadPoolExecutor.java:1128) ~[na:na]
	at java.base/java.util.concurrent.ThreadPoolExecutor$Worker.run(ThreadPoolExecutor.java:628) ~[na:na]
	at java.base/java.lang.Thread.run(Thread.java:835) ~[na:na]
Caused by: java.lang.InterruptedException: null
	at java.base/java.util.concurrent.locks.AbstractQueuedSynchronizer$ConditionObject.reportInterruptAfterWait(AbstractQueuedSynchronizer.java:2056) ~[na:na]
	at java.base/java.util.concurrent.locks.AbstractQueuedSynchronizer$ConditionObject.await(AbstractQueuedSynchronizer.java:2090) ~[na:na]
	at java.base/java.util.concurrent.ArrayBlockingQueue.put(ArrayBlockingQueue.java:367) ~[na:na]
	at com.sedmelluq.discord.lavaplayer.track.playback.AllocatingAudioFrameBuffer.consume(AllocatingAudioFrameBuffer.java:173) ~[lavaplayer-1.3.10.jar!/:na]
	at com.sedmelluq.discord.lavaplayer.filter.BufferingPostProcessor.process(BufferingPostProcessor.java:41) ~[lavaplayer-1.3.10.jar!/:na]
	at com.sedmelluq.discord.lavaplayer.filter.FinalPcmAudioFilter.dispatch(FinalPcmAudioFilter.java:158) ~[lavaplayer-1.3.10.jar!/:na]
	at com.sedmelluq.discord.lavaplayer.filter.FinalPcmAudioFilter.process(FinalPcmAudioFilter.java:130) ~[lavaplayer-1.3.10.jar!/:na]
	at com.sedmelluq.discord.lavaplayer.filter.UserProvidedAudioFilters.process(UserProvidedAudioFilters.java:77) ~[lavaplayer-1.3.10.jar!/:na]
	at com.sedmelluq.discord.lavaplayer.filter.AudioPipeline.process(AudioPipeline.java:33) ~[lavaplayer-1.3.10.jar!/:na]
	at com.sedmelluq.discord.lavaplayer.container.common.OpusPacketRouter.passDownstream(OpusPacketRouter.java:159) ~[lavaplayer-1.3.10.jar!/:na]
	at com.sedmelluq.discord.lavaplayer.container.common.OpusPacketRouter.process(OpusPacketRouter.java:94) ~[lavaplayer-1.3.10.jar!/:na]
	at com.sedmelluq.discord.lavaplayer.container.matroska.MatroskaOpusTrackConsumer.consume(MatroskaOpusTrackConsumer.java:47) ~[lavaplayer-1.3.10.jar!/:na]
	at com.sedmelluq.discord.lavaplayer.container.matroska.MatroskaStreamingFile.processFrameInBlock(MatroskaStreamingFile.java:372) ~[lavaplayer-1.3.10.jar!/:na]
	at com.sedmelluq.discord.lavaplayer.container.matroska.MatroskaStreamingFile.parseClusterSimpleBlock(MatroskaStreamingFile.java:336) ~[lavaplayer-1.3.10.jar!/:na]
	at com.sedmelluq.discord.lavaplayer.container.matroska.MatroskaStreamingFile.parseNextCluster(MatroskaStreamingFile.java:321) ~[lavaplayer-1.3.10.jar!/:na]
	at com.sedmelluq.discord.lavaplayer.container.matroska.MatroskaStreamingFile.provideFrames(MatroskaStreamingFile.java:297) ~[lavaplayer-1.3.10.jar!/:na]
	at com.sedmelluq.discord.lavaplayer.container.matroska.MatroskaAudioTrack.lambda$process$0(MatroskaAudioTrack.java:39) ~[lavaplayer-1.3.10.jar!/:na]
	at com.sedmelluq.discord.lavaplayer.track.playback.LocalAudioTrackExecutor.executeProcessingLoop(LocalAudioTrackExecutor.java:257) ~[lavaplayer-1.3.10.jar!/:na]
	... 9 common frames omitted

2019-05-14 14:06:49.745  INFO 14584 --- [parallel-4] s.n.magma.connections.AudioWebSocket     : Websocket to wss://eu-central468.discord.gg/?v=4 closed with code 1000 and reason 
2019-05-14 14:06:49.746  WARN 14584 --- [parallel-4] s.n.magma.connections.AudioWebSocket     : Connection closed due to [1000 HEARTBEAT_TIMEOUT] . This could indicate an issue with the magma library or your usage of it. Please get in touch. https://github.com/napstr/Magma/issues
2019-05-14 14:06:49.747  INFO 14584 --- [parallel-4] s.n.magma.connections.AudioWebSocket     : Resuming
2019-05-14 17:30:05.667  INFO 15328 --- [main] lavalink.server.Launcher                 : 

[32m       .  [31m _                  _ _       _    [32m__ _ _
[32m      /\\ [31m| | __ ___   ____ _| (_)_ __ | | __[32m\ \ \ \
[32m     ( ( )[31m| |/ _` \ \ / / _` | | | '_ \| |/ /[32m \ \ \ \
[32m      \\/ [31m| | (_| |\ V / (_| | | | | | |   < [32m  ) ) ) )
[32m       '  [31m|_|\__,_| \_/ \__,_|_|_|_| |_|_|\_\[32m / / / /
[0m    =========================================[32m/_/_/_/[0m

	Version:        b0a0eca2ee66750fec199094b900b191a92074a9-SNAPSHOT
	Build:          768
	Build time:     01.04.2019 21:26:58 CEST
	Branch          master
	Commit:         b0a0eca
	Commit time:    01.04.2019 21:25:14 CEST
	JVM:            12.0.1
	Lavaplayer      1.3.10

2019-05-14 17:30:05.708  INFO 15328 --- [main] o.s.boot.SpringApplication               :        .   _                  _ _       _    __ _ _
      /\\ | | __ ___   ____ _| (_)_ __ | | __\ \ \ \
     ( ( )| |/ _` \ \ / / _` | | | '_ \| |/ / \ \ \ \
      \\/ | | (_| |\ V / (_| | | | | | |   <   ) ) ) )
       '  |_|\__,_| \_/ \__,_|_|_|_| |_|_|\_\ / / / /
    =========================================/_/_/_/

    :: Lavalink    ::       
    :: Spring Boot ::        (v2.0.4.RELEASE)


2019-05-14 17:30:05.786  INFO 15328 --- [main] lavalink.server.Launcher                 : Starting Launcher on DESKTOP-CLQ6C0H with PID 15328 (C:\Users\haegg\Desktop\Code\DiscordBot_WindowsForms\DiscordBot\bin\Lavalink.jar started by haegg in C:\Users\haegg\Desktop\Code\DiscordBot_WindowsForms\DiscordBot\bin)
2019-05-14 17:30:05.787  INFO 15328 --- [main] lavalink.server.Launcher                 : No active profile set, falling back to default profiles: default
2019-05-14 17:30:05.829  INFO 15328 --- [main] ConfigServletWebServerApplicationContext : Refreshing org.springframework.boot.web.servlet.context.AnnotationConfigServletWebServerApplicationContext@18a70f16: startup date [Tue May 14 17:30:05 CEST 2019]; root of context hierarchy
2019-05-14 17:30:05.832  WARN 15328 --- [background-preinit] o.s.h.c.j.Jackson2ObjectMapperBuilder    : For Jackson Kotlin classes support please add "com.fasterxml.jackson.module:jackson-module-kotlin" to the classpath
2019-05-14 17:30:07.006  INFO 15328 --- [main] org.xnio                                 : XNIO version 3.3.8.Final
2019-05-14 17:30:07.023  INFO 15328 --- [main] org.xnio.nio                             : XNIO NIO Implementation Version 3.3.8.Final
2019-05-14 17:30:07.108  WARN 15328 --- [main] io.undertow.websockets.jsr               : UT026009: XNIO worker was not set on WebSocketDeploymentInfo, the default worker will be used
2019-05-14 17:30:07.109  WARN 15328 --- [main] io.undertow.websockets.jsr               : UT026010: Buffer pool was not set on WebSocketDeploymentInfo, the default pool will be used
2019-05-14 17:30:07.131  INFO 15328 --- [main] io.undertow.servlet                      : Initializing Spring embedded WebApplicationContext
2019-05-14 17:30:07.134  INFO 15328 --- [main] o.s.web.context.ContextLoader            : Root WebApplicationContext: initialization completed in 1305 ms
2019-05-14 17:30:07.198  INFO 15328 --- [main] o.s.b.w.servlet.ServletRegistrationBean  : Servlet dispatcherServlet mapped to [/]
2019-05-14 17:30:07.203  INFO 15328 --- [main] o.s.b.w.servlet.FilterRegistrationBean   : Mapping filter: 'characterEncodingFilter' to: [/*]
2019-05-14 17:30:07.204  INFO 15328 --- [main] o.s.b.w.servlet.FilterRegistrationBean   : Mapping filter: 'hiddenHttpMethodFilter' to: [/*]
2019-05-14 17:30:07.204  INFO 15328 --- [main] o.s.b.w.servlet.FilterRegistrationBean   : Mapping filter: 'httpPutFormContentFilter' to: [/*]
2019-05-14 17:30:07.205  INFO 15328 --- [main] o.s.b.w.servlet.FilterRegistrationBean   : Mapping filter: 'requestContextFilter' to: [/*]
2019-05-14 17:30:07.205  INFO 15328 --- [main] o.s.b.w.servlet.FilterRegistrationBean   : Mapping filter: 'responseHeaderFilter' to: [/*]
2019-05-14 17:30:07.665  WARN 15328 --- [main] l.server.config.SentryConfiguration      : Turning off sentry
2019-05-14 17:30:07.675  INFO 15328 --- [main] l.s.c.AudioSendFactoryConfiguration      : OS: Windows 10, Arch: amd64
2019-05-14 17:30:07.675  INFO 15328 --- [main] l.s.c.AudioSendFactoryConfiguration      : JDA-NAS supported system detected. Enabled native audio sending.
2019-05-14 17:30:07.676  INFO 15328 --- [main] l.s.c.AudioSendFactoryConfiguration      : Setting buffer to 400ms
2019-05-14 17:30:07.677  INFO 15328 --- [main] l.s.c.AudioSendFactoryConfiguration      : Setting playlist load limit to 6
2019-05-14 17:30:08.195  INFO 15328 --- [main] c.s.d.l.tools.GarbageCollectionMonitor   : GC monitoring enabled, reporting results every 2 minutes.
2019-05-14 17:30:08.283  INFO 15328 --- [main] o.s.w.s.s.s.WebSocketHandlerMapping      : Root mapping to handler of type [class org.springframework.web.socket.server.support.WebSocketHttpRequestHandler]
2019-05-14 17:30:08.510  INFO 15328 --- [main] o.s.w.s.handler.SimpleUrlHandlerMapping  : Mapped URL path [/**/favicon.ico] onto handler of type [class org.springframework.web.servlet.resource.ResourceHttpRequestHandler]
2019-05-14 17:30:08.756  INFO 15328 --- [main] s.w.s.m.m.a.RequestMappingHandlerAdapter : Looking for @ControllerAdvice: org.springframework.boot.web.servlet.context.AnnotationConfigServletWebServerApplicationContext@18a70f16: startup date [Tue May 14 17:30:05 CEST 2019]; root of context hierarchy
2019-05-14 17:30:08.828  INFO 15328 --- [main] s.w.s.m.m.a.RequestMappingHandlerMapping : Mapped "{[/debug/nashorn],methods=[POST]}" onto public java.lang.String lavalink.server.util.DebugRestHandler.getLoadTracks(javax.servlet.http.HttpServletRequest,javax.servlet.http.HttpServletResponse,java.lang.String,java.lang.String)
2019-05-14 17:30:08.832  INFO 15328 --- [main] s.w.s.m.m.a.RequestMappingHandlerMapping : Mapped "{[/loadtracks],methods=[GET],produces=[application/json]}" onto public java.util.concurrent.CompletionStage<org.springframework.http.ResponseEntity<java.lang.String>> lavalink.server.player.AudioLoaderRestHandler.getLoadTracks(javax.servlet.http.HttpServletRequest,java.lang.String)
2019-05-14 17:30:08.835  INFO 15328 --- [main] s.w.s.m.m.a.RequestMappingHandlerMapping : Mapped "{[/decodetrack],methods=[GET],produces=[application/json]}" onto public org.springframework.http.ResponseEntity<java.lang.String> lavalink.server.player.AudioLoaderRestHandler.getDecodeTrack(javax.servlet.http.HttpServletRequest,java.lang.String) throws java.io.IOException
2019-05-14 17:30:08.835  INFO 15328 --- [main] s.w.s.m.m.a.RequestMappingHandlerMapping : Mapped "{[/decodetracks],methods=[POST],consumes=[application/json],produces=[application/json]}" onto public org.springframework.http.ResponseEntity<java.lang.String> lavalink.server.player.AudioLoaderRestHandler.postDecodeTracks(javax.servlet.http.HttpServletRequest,java.lang.String) throws java.io.IOException
2019-05-14 17:30:08.838  INFO 15328 --- [main] s.w.s.m.m.a.RequestMappingHandlerMapping : Mapped "{[/error]}" onto public org.springframework.http.ResponseEntity<java.util.Map<java.lang.String, java.lang.Object>> org.springframework.boot.autoconfigure.web.servlet.error.BasicErrorController.error(javax.servlet.http.HttpServletRequest)
2019-05-14 17:30:08.839  INFO 15328 --- [main] s.w.s.m.m.a.RequestMappingHandlerMapping : Mapped "{[/error],produces=[text/html]}" onto public org.springframework.web.servlet.ModelAndView org.springframework.boot.autoconfigure.web.servlet.error.BasicErrorController.errorHtml(javax.servlet.http.HttpServletRequest,javax.servlet.http.HttpServletResponse)
2019-05-14 17:30:08.862  INFO 15328 --- [main] o.s.w.s.handler.SimpleUrlHandlerMapping  : Mapped URL path [/webjars/**] onto handler of type [class org.springframework.web.servlet.resource.ResourceHttpRequestHandler]
2019-05-14 17:30:08.863  INFO 15328 --- [main] o.s.w.s.handler.SimpleUrlHandlerMapping  : Mapped URL path [/**] onto handler of type [class org.springframework.web.servlet.resource.ResourceHttpRequestHandler]
2019-05-14 17:30:09.101  INFO 15328 --- [main] o.s.j.e.a.AnnotationMBeanExporter        : Registering beans for JMX exposure on startup
2019-05-14 17:30:09.111  INFO 15328 --- [main] o.s.c.support.DefaultLifecycleProcessor  : Starting beans in phase 2147483647
2019-05-14 17:30:09.164  INFO 15328 --- [main] o.s.b.w.e.u.UndertowServletWebServer     : Undertow started on port(s) 2333 (http) with context path ''
2019-05-14 17:30:09.170  INFO 15328 --- [main] lavalink.server.Launcher                 : Started Launcher in 3.912 seconds (JVM running for 4.337)
2019-05-14 17:30:33.437  INFO 15328 --- [XNIO-2 task-1] io.undertow.servlet                      : Initializing Spring FrameworkServlet 'dispatcherServlet'
2019-05-14 17:30:33.438  INFO 15328 --- [XNIO-2 task-1] o.s.web.servlet.DispatcherServlet        : FrameworkServlet 'dispatcherServlet': initialization started
2019-05-14 17:30:33.451  INFO 15328 --- [XNIO-2 task-1] o.s.web.servlet.DispatcherServlet        : FrameworkServlet 'dispatcherServlet': initialization completed in 12 ms
2019-05-14 17:30:33.472  INFO 15328 --- [XNIO-2 task-1] l.server.io.HandshakeInterceptorImpl     : Incoming connection from /127.0.0.1:54979
2019-05-14 17:30:33.527  INFO 15328 --- [XNIO-2 task-1] c.s.d.l.tools.GarbageCollectionMonitor   : GC monitoring enabled, reporting results every 2 minutes.
2019-05-14 17:30:33.590  INFO 15328 --- [XNIO-2 task-1] lavalink.server.io.SocketServer          : Connection successfully established from /127.0.0.1:54979
2019-05-14 17:30:47.966  INFO 15328 --- [XNIO-2 task-2] l.server.player.AudioLoaderRestHandler   : GET /loadtracks
2019-05-14 17:30:49.157  INFO 15328 --- [lava-daemon-pool-info-loader-2-thread-1] lavalink.server.player.AudioLoader       : Loaded playlist Search results for: music mix
2019-05-14 17:30:49.367  INFO 15328 --- [XNIO-2 I/O-7] lavalink.server.io.SocketServer          : {"track":"QAAAgQIAIEJlc3QgQ2hpbGwgR2FtaW5nIE11c2ljIE1peCAyMDE4AAdGcmlzc29uAAAAAAA5S/gACzE4d0VpTTBybmZ3AAEAK2h0dHBzOi8vd3d3LnlvdXR1YmUuY29tL3dhdGNoP3Y9MTh3RWlNMHJuZncAB3lvdXR1YmUAAAAAAAAAAA==","startTime":0,"stopTime":3755000,"noReplace":true,"guildId":"238744571213905920","op":"play"}
2019-05-14 17:30:49.624  INFO 15328 --- [XNIO-2 I/O-7] lavalink.server.io.SocketServer          : {"sessionId":"274fad29b4f7f49414e2c65c61bb52f1","event":{"token":"eae0538926dc9f3c","guild_id":"238744571213905920","endpoint":"eu-central536.discord.gg:80"},"guildId":"238744571213905920","op":"voiceUpdate"}
2019-05-14 17:30:50.170 ERROR 15328 --- [lava-daemon-pool-playback-5-thread-1] c.s.d.l.t.p.LocalAudioTrackExecutor      : Error in playback of 18wEiM0rnfw

com.sedmelluq.discord.lavaplayer.tools.FriendlyException: Something broke when playing the track.
	at com.sedmelluq.discord.lavaplayer.tools.ExceptionTools.wrapUnfriendlyExceptions(ExceptionTools.java:43) ~[lavaplayer-1.3.10.jar!/:na]
	at com.sedmelluq.discord.lavaplayer.track.playback.LocalAudioTrackExecutor.execute(LocalAudioTrackExecutor.java:102) ~[lavaplayer-1.3.10.jar!/:na]
	at com.sedmelluq.discord.lavaplayer.player.DefaultAudioPlayerManager.lambda$executeTrack$1(DefaultAudioPlayerManager.java:349) ~[lavaplayer-1.3.10.jar!/:na]
	at java.base/java.util.concurrent.ThreadPoolExecutor.runWorker(ThreadPoolExecutor.java:1128) ~[na:na]
	at java.base/java.util.concurrent.ThreadPoolExecutor$Worker.run(ThreadPoolExecutor.java:628) ~[na:na]
	at java.base/java.lang.Thread.run(Thread.java:835) ~[na:na]
Caused by: java.lang.RuntimeException: Not success status code: 403
	at com.sedmelluq.discord.lavaplayer.tools.io.PersistentHttpStream.validateStatusCode(PersistentHttpStream.java:86) ~[lavaplayer-1.3.10.jar!/:na]
	at com.sedmelluq.discord.lavaplayer.tools.io.PersistentHttpStream.attemptConnect(PersistentHttpStream.java:115) ~[lavaplayer-1.3.10.jar!/:na]
	at com.sedmelluq.discord.lavaplayer.tools.io.PersistentHttpStream.connect(PersistentHttpStream.java:104) ~[lavaplayer-1.3.10.jar!/:na]
	at com.sedmelluq.discord.lavaplayer.tools.io.PersistentHttpStream.internalRead(PersistentHttpStream.java:149) ~[lavaplayer-1.3.10.jar!/:na]
	at com.sedmelluq.discord.lavaplayer.tools.io.PersistentHttpStream.read(PersistentHttpStream.java:165) ~[lavaplayer-1.3.10.jar!/:na]
	at java.base/java.io.DataInputStream.readByte(DataInputStream.java:270) ~[na:na]
	at com.sedmelluq.discord.lavaplayer.container.matroska.format.MatroskaEbmlReader.readEbmlInteger(MatroskaEbmlReader.java:39) ~[lavaplayer-1.3.10.jar!/:na]
	at com.sedmelluq.discord.lavaplayer.container.matroska.format.MatroskaFileReader.readNextElement(MatroskaFileReader.java:46) ~[lavaplayer-1.3.10.jar!/:na]
	at com.sedmelluq.discord.lavaplayer.container.matroska.MatroskaStreamingFile.readFile(MatroskaStreamingFile.java:79) ~[lavaplayer-1.3.10.jar!/:na]
	at com.sedmelluq.discord.lavaplayer.container.matroska.MatroskaAudioTrack.loadMatroskaFile(MatroskaAudioTrack.java:51) ~[lavaplayer-1.3.10.jar!/:na]
	at com.sedmelluq.discord.lavaplayer.container.matroska.MatroskaAudioTrack.process(MatroskaAudioTrack.java:34) ~[lavaplayer-1.3.10.jar!/:na]
	at com.sedmelluq.discord.lavaplayer.track.DelegatedAudioTrack.processDelegate(DelegatedAudioTrack.java:27) ~[lavaplayer-1.3.10.jar!/:na]
	at com.sedmelluq.discord.lavaplayer.source.youtube.YoutubeAudioTrack.processStatic(YoutubeAudioTrack.java:75) ~[lavaplayer-1.3.10.jar!/:na]
	at com.sedmelluq.discord.lavaplayer.source.youtube.YoutubeAudioTrack.process(YoutubeAudioTrack.java:67) ~[lavaplayer-1.3.10.jar!/:na]
	at com.sedmelluq.discord.lavaplayer.track.playback.LocalAudioTrackExecutor.execute(LocalAudioTrackExecutor.java:90) ~[lavaplayer-1.3.10.jar!/:na]
	... 4 common frames omitted

2019-05-14 17:30:56.429  INFO 15328 --- [XNIO-2 I/O-7] lavalink.server.io.SocketServer          : Connection closed from /127.0.0.1:54979 -- CloseStatus[code=1006, reason=]
2019-05-14 17:30:56.430  INFO 15328 --- [XNIO-2 I/O-7] lavalink.server.io.SocketContext         : Shutting down 0 playing players.
2019-05-14 17:30:56.432  INFO 15328 --- [XNIO-2 I/O-7] c.s.d.l.tools.GarbageCollectionMonitor   : GC monitoring disabled.
2019-05-14 17:30:56.472  INFO 15328 --- [parallel-4] s.n.magma.connections.AudioWebSocket     : Websocket to wss://eu-central536.discord.gg/?v=4 closed with code 1000 and reason 
2019-05-14 17:30:56.474  WARN 15328 --- [parallel-4] s.n.magma.connections.AudioWebSocket     : Connection closed due to [1000 HEARTBEAT_TIMEOUT] . This could indicate an issue with the magma library or your usage of it. Please get in touch. https://github.com/napstr/Magma/issues
2019-05-14 17:30:56.474  INFO 15328 --- [parallel-4] s.n.magma.connections.AudioWebSocket     : Resuming
2019-05-14 17:31:02.151  INFO 15328 --- [XNIO-2 task-4] l.server.io.HandshakeInterceptorImpl     : Incoming connection from /127.0.0.1:55004
2019-05-14 17:31:02.153  INFO 15328 --- [XNIO-2 task-4] c.s.d.l.tools.GarbageCollectionMonitor   : GC monitoring enabled, reporting results every 2 minutes.
2019-05-14 17:31:02.156  INFO 15328 --- [XNIO-2 task-4] lavalink.server.io.SocketServer          : Connection successfully established from /127.0.0.1:55004
2019-05-14 17:31:07.301  INFO 15328 --- [XNIO-2 task-5] l.server.player.AudioLoaderRestHandler   : GET /loadtracks
2019-05-14 17:31:08.047  INFO 15328 --- [lava-daemon-pool-info-loader-2-thread-1] lavalink.server.player.AudioLoader       : Loaded playlist Search results for: music mix
2019-05-14 17:31:08.258  INFO 15328 --- [XNIO-2 I/O-8] lavalink.server.io.SocketServer          : {"track":"QAAAgQIAIEJlc3QgQ2hpbGwgR2FtaW5nIE11c2ljIE1peCAyMDE4AAdGcmlzc29uAAAAAAA5S/gACzE4d0VpTTBybmZ3AAEAK2h0dHBzOi8vd3d3LnlvdXR1YmUuY29tL3dhdGNoP3Y9MTh3RWlNMHJuZncAB3lvdXR1YmUAAAAAAAAAAA==","startTime":0,"stopTime":3755000,"noReplace":true,"guildId":"238744571213905920","op":"play"}
2019-05-14 17:31:08.543  INFO 15328 --- [XNIO-2 I/O-8] lavalink.server.io.SocketServer          : {"sessionId":"17ed0efb7f62edc61f8497860119d0fd","event":{"token":"d1a0512e0213e9b2","guild_id":"238744571213905920","endpoint":"eu-central536.discord.gg:80"},"guildId":"238744571213905920","op":"voiceUpdate"}
2019-05-14 17:40:15.880  INFO 15328 --- [XNIO-2 task-7] l.server.player.AudioLoaderRestHandler   : GET /loadtracks
2019-05-14 17:40:16.183  INFO 15328 --- [lava-daemon-pool-info-loader-2-thread-1] lavalink.server.player.AudioLoader       : No matches found
2019-05-14 17:41:47.761  INFO 15328 --- [XNIO-2 I/O-8] lavalink.server.io.SocketServer          : {"guildId":"238744571213905920","op":"stop"}
2019-05-14 18:08:45.223  INFO 15328 --- [XNIO-2 task-9] l.server.player.AudioLoaderRestHandler   : GET /loadtracks
2019-05-14 18:08:45.761  INFO 15328 --- [lava-daemon-pool-info-loader-2-thread-1] lavalink.server.player.AudioLoader       : Loaded playlist Search results for: sunset lover
2019-05-14 18:08:45.978  INFO 15328 --- [XNIO-2 I/O-8] lavalink.server.io.SocketServer          : {"track":"QAAAggIAHFBFVElUIEJJU0NVSVQgLSBTdW5zZXQgTG92ZXIADEVsZWN0cm9Qb3PDqQAAAAAAA6WYAAt3dUNLLW9pRTNyTQABACtodHRwczovL3d3dy55b3V0dWJlLmNvbS93YXRjaD92PXd1Q0stb2lFM3JNAAd5b3V0dWJlAAAAAAAAAAA=","startTime":0,"stopTime":239000,"noReplace":true,"guildId":"238744571213905920","op":"play"}
2019-05-14 19:40:46.547  INFO 15328 --- [XNIO-2 task-11] l.server.player.AudioLoaderRestHandler   : GET /loadtracks
2019-05-14 19:40:46.907  INFO 15328 --- [lava-daemon-pool-info-loader-2-thread-1] lavalink.server.player.AudioLoader       : Loaded playlist Search results for: https://www.youtube.com/watch?v=Iak_rzewOt8
2019-05-14 19:40:47.090  INFO 15328 --- [XNIO-2 I/O-8] lavalink.server.io.SocketServer          : {"track":"QAAAgAIAGkFsbGFodSBBa2JhciBTb25nIDEwIEhvdXJzAAxJc3JhZWwgTmV2ZXMAAAAAAiWTaAALSWFrX3J6ZXdPdDgAAQAraHR0cHM6Ly93d3cueW91dHViZS5jb20vd2F0Y2g/dj1JYWtfcnpld090OAAHeW91dHViZQAAAAAAAAAA","startTime":0,"stopTime":36017000,"noReplace":true,"guildId":"238744571213905920","op":"play"}
2019-05-14 19:41:02.480  INFO 15328 --- [XNIO-2 I/O-8] lavalink.server.io.SocketServer          : {"volume":150,"guildId":"238744571213905920","op":"volume"}
2019-05-14 19:47:43.410  INFO 15328 --- [XNIO-2 I/O-8] lavalink.server.io.SocketServer          : {"guildId":"238744571213905920","op":"stop"}
2019-05-14 21:42:55.864  INFO 15328 --- [XNIO-2 I/O-8] lavalink.server.io.SocketServer          : Connection closed from /127.0.0.1:55004 -- CloseStatus[code=1006, reason=]
2019-05-14 21:42:55.869  INFO 15328 --- [XNIO-2 I/O-8] lavalink.server.io.SocketContext         : Shutting down 0 playing players.
2019-05-14 21:42:55.874  INFO 15328 --- [XNIO-2 I/O-8] c.s.d.l.tools.GarbageCollectionMonitor   : GC monitoring disabled.
2019-05-14 21:42:55.919  INFO 15328 --- [parallel-6] s.n.magma.connections.AudioWebSocket     : Websocket to wss://eu-central536.discord.gg/?v=4 closed with code 1000 and reason 
2019-05-14 21:42:55.921  WARN 15328 --- [parallel-6] s.n.magma.connections.AudioWebSocket     : Connection closed due to [1000 HEARTBEAT_TIMEOUT] . This could indicate an issue with the magma library or your usage of it. Please get in touch. https://github.com/napstr/Magma/issues
2019-05-14 21:42:55.923  INFO 15328 --- [parallel-6] s.n.magma.connections.AudioWebSocket     : Resuming
2019-05-14 21:43:16.579  INFO 15328 --- [XNIO-2 task-13] l.server.io.HandshakeInterceptorImpl     : Incoming connection from /127.0.0.1:63103
2019-05-14 21:43:16.589  INFO 15328 --- [XNIO-2 task-13] c.s.d.l.tools.GarbageCollectionMonitor   : GC monitoring enabled, reporting results every 2 minutes.
2019-05-14 21:43:16.597  INFO 15328 --- [XNIO-2 task-13] lavalink.server.io.SocketServer          : Connection successfully established from /127.0.0.1:63103
2019-05-14 21:47:05.425  INFO 15328 --- [XNIO-2 task-14] l.server.player.AudioLoaderRestHandler   : GET /loadtracks
2019-05-14 21:47:06.037  INFO 15328 --- [lava-daemon-pool-info-loader-2-thread-1] lavalink.server.player.AudioLoader       : Loaded playlist Search results for: diablo 3
2019-05-14 21:47:06.228  INFO 15328 --- [XNIO-2 I/O-3] lavalink.server.io.SocketServer          : {"track":"QAAAvQIAXERpYWJsbyAzIFNlYXNvbiAxNyBDcnVzYWRlciBJbnZva2VyIEdSIDEzNCsgJiBzdGFydGVyIGJ1aWxkIGd1aWRlIC0gUGF0Y2ggMi42LjUgKFRvcm1lbnQgMTYpAAdSaHlra2VyAAAAAAAI0dAAC2U3SDR3Qll5ek5BAAEAK2h0dHBzOi8vd3d3LnlvdXR1YmUuY29tL3dhdGNoP3Y9ZTdINHdCWXl6TkEAB3lvdXR1YmUAAAAAAAAAAA==","startTime":0,"stopTime":578000,"noReplace":true,"guildId":"238744571213905920","op":"play"}
2019-05-14 21:47:06.492  INFO 15328 --- [XNIO-2 I/O-3] lavalink.server.io.SocketServer          : {"sessionId":"06f93788457c0f9ba826ca2d4ab11061","event":{"token":"3e44eeae058e53ca","guild_id":"238744571213905920","endpoint":"eu-central536.discord.gg:80"},"guildId":"238744571213905920","op":"voiceUpdate"}
2019-05-14 21:47:18.569  INFO 15328 --- [XNIO-2 I/O-3] lavalink.server.io.SocketServer          : {"guildId":"238744571213905920","op":"stop"}
2019-05-14 22:22:34.611  INFO 15328 --- [XNIO-2 task-16] l.server.player.AudioLoaderRestHandler   : GET /loadtracks
2019-05-14 22:22:35.183  INFO 15328 --- [lava-daemon-pool-info-loader-2-thread-1] lavalink.server.player.AudioLoader       : Loaded playlist Search results for: det gör ont
2019-05-14 22:22:35.460  INFO 15328 --- [XNIO-2 I/O-3] lavalink.server.io.SocketServer          : {"track":"QAAAqwIARUxlbmEgUGhpbGlwc3NvbjogRGV0IEfDtnIgT250IE1lbG9kaWZlc3RpdmFsZW4gMjAwNCBGaXJzdCBQZXJmb3JtYW5jZQAMYmFjYXJkaWJveTc3AAAAAAAC0qgAC2pGNFNwMnA4WDFRAAEAK2h0dHBzOi8vd3d3LnlvdXR1YmUuY29tL3dhdGNoP3Y9akY0U3AycDhYMVEAB3lvdXR1YmUAAAAAAAAAAA==","startTime":0,"stopTime":185000,"noReplace":true,"guildId":"238744571213905920","op":"play"}
2019-05-14 22:29:15.204  INFO 15328 --- [XNIO-2 task-18] l.server.player.AudioLoaderRestHandler   : GET /loadtracks
2019-05-14 22:29:15.885  INFO 15328 --- [lava-daemon-pool-info-loader-2-thread-1] lavalink.server.player.AudioLoader       : Loaded playlist Search results for: sunset lover
2019-05-14 22:29:16.054  INFO 15328 --- [XNIO-2 I/O-3] lavalink.server.io.SocketServer          : {"track":"QAAAggIAHFBFVElUIEJJU0NVSVQgLSBTdW5zZXQgTG92ZXIADEVsZWN0cm9Qb3PDqQAAAAAAA6WYAAt3dUNLLW9pRTNyTQABACtodHRwczovL3d3dy55b3V0dWJlLmNvbS93YXRjaD92PXd1Q0stb2lFM3JNAAd5b3V0dWJlAAAAAAAAAAA=","startTime":0,"stopTime":239000,"noReplace":true,"guildId":"238744571213905920","op":"play"}
2019-05-14 22:29:30.132  INFO 15328 --- [XNIO-2 I/O-3] lavalink.server.io.SocketServer          : {"volume":40,"guildId":"238744571213905920","op":"volume"}
2019-05-14 22:33:53.994  INFO 15328 --- [XNIO-2 task-20] l.server.player.AudioLoaderRestHandler   : GET /loadtracks
2019-05-14 22:33:54.567  INFO 15328 --- [lava-daemon-pool-info-loader-2-thread-1] lavalink.server.player.AudioLoader       : Loaded playlist Search results for: isis
2019-05-14 22:33:54.728  INFO 15328 --- [XNIO-2 I/O-3] lavalink.server.io.SocketServer          : {"track":"QAAArwIASVdobyBhcmUgSXNpcyBhbmQgd2hhdCBhcmUgdGhlIElzbGFtaWMgU3RhdGUncyBhaW1zPyB8IEd1YXJkaWFuIEV4cGxhaW5lcnMADFRoZSBHdWFyZGlhbgAAAAAAA5IQAAsyOGtPQ0RGbVNacwABACtodHRwczovL3d3dy55b3V0dWJlLmNvbS93YXRjaD92PTI4a09DREZtU1pzAAd5b3V0dWJlAAAAAAAAAAA=","startTime":0,"stopTime":234000,"noReplace":true,"guildId":"238744571213905920","op":"play"}
2019-05-14 22:33:59.133  INFO 15328 --- [XNIO-2 I/O-3] lavalink.server.io.SocketServer          : {"guildId":"238744571213905920","op":"stop"}
2019-05-14 22:34:05.249  INFO 15328 --- [XNIO-2 task-22] l.server.player.AudioLoaderRestHandler   : GET /loadtracks
2019-05-14 22:34:05.753  INFO 15328 --- [lava-daemon-pool-info-loader-2-thread-1] lavalink.server.player.AudioLoader       : Loaded playlist Search results for: isis song
2019-05-14 22:34:05.958  INFO 15328 --- [XNIO-2 I/O-3] lavalink.server.io.SocketServer          : {"track":"QAAAgAIAGkFsbGFodSBBa2JhciBTb25nIDEwIEhvdXJzAAxJc3JhZWwgTmV2ZXMAAAAAAiWTaAALSWFrX3J6ZXdPdDgAAQAraHR0cHM6Ly93d3cueW91dHViZS5jb20vd2F0Y2g/dj1JYWtfcnpld090OAAHeW91dHViZQAAAAAAAAAA","startTime":0,"stopTime":36017000,"noReplace":true,"guildId":"238744571213905920","op":"play"}
2019-05-14 22:34:13.081  INFO 15328 --- [XNIO-2 I/O-3] lavalink.server.io.SocketServer          : {"volume":150,"guildId":"238744571213905920","op":"volume"}
2019-05-14 22:34:31.735  INFO 15328 --- [XNIO-2 I/O-3] lavalink.server.io.SocketServer          : {"pause":true,"guildId":"238744571213905920","op":"pause"}
2019-05-14 22:34:44.880  INFO 15328 --- [XNIO-2 I/O-3] lavalink.server.io.SocketServer          : {"pause":false,"guildId":"238744571213905920","op":"pause"}
2019-05-14 22:34:54.660  INFO 15328 --- [XNIO-2 I/O-3] lavalink.server.io.SocketServer          : {"guildId":"238744571213905920","op":"stop"}
2019-05-14 22:35:11.150  INFO 15328 --- [XNIO-2 task-24] l.server.player.AudioLoaderRestHandler   : GET /loadtracks
2019-05-14 22:35:12.252  INFO 15328 --- [lava-daemon-pool-info-loader-2-thread-1] lavalink.server.player.AudioLoader       : Loaded playlist Search results for: asmr
2019-05-14 22:35:12.417  INFO 15328 --- [XNIO-2 I/O-3] lavalink.server.io.SocketServer          : {"track":"QAAAtgIAU0FTTVIgU3BhIEFuY2llbnQgRWd5cHQgKFNjYWxwIE1hc3NhZ2UsIEZhY2UgTWFzc2FnZSwgUGVyc29uYWwgQXR0ZW50aW9uLCBTcG9uZ2UuLi4pAAlBU01SIEdsb3cAAAAAABlA2AALRHhrRDRoZUx2OTgAAQAraHR0cHM6Ly93d3cueW91dHViZS5jb20vd2F0Y2g/dj1EeGtENGhlTHY5OAAHeW91dHViZQAAAAAAAAAA","startTime":0,"stopTime":1655000,"noReplace":true,"guildId":"238744571213905920","op":"play"}
2019-05-14 22:35:14.797  INFO 15328 --- [XNIO-2 I/O-3] lavalink.server.io.SocketServer          : {"volume":150,"guildId":"238744571213905920","op":"volume"}
2019-05-14 22:35:26.953  INFO 15328 --- [XNIO-2 I/O-3] lavalink.server.io.SocketServer          : {"guildId":"238744571213905920","op":"stop"}
2019-05-14 22:35:36.523  INFO 15328 --- [XNIO-2 task-26] l.server.player.AudioLoaderRestHandler   : GET /loadtracks
2019-05-14 22:35:36.987  INFO 15328 --- [lava-daemon-pool-info-loader-2-thread-1] lavalink.server.player.AudioLoader       : Loaded playlist Search results for: reeeee
2019-05-14 22:35:37.244  INFO 15328 --- [XNIO-2 I/O-3] lavalink.server.io.SocketServer          : {"track":"QAAAdgIAE1JlZWVlZSBzb3VuZCBlZmZlY3QACUFyaXMgQm9jaAAAAAAAADLIAAtlN0FlRU9iOUViZwABACtodHRwczovL3d3dy55b3V0dWJlLmNvbS93YXRjaD92PWU3QWVFT2I5RWJnAAd5b3V0dWJlAAAAAAAAAAA=","startTime":0,"stopTime":13000,"noReplace":true,"guildId":"238744571213905920","op":"play"}
2019-05-14 22:35:47.039  INFO 15328 --- [XNIO-2 task-28] l.server.player.AudioLoaderRestHandler   : GET /loadtracks
2019-05-14 22:35:47.599  INFO 15328 --- [lava-daemon-pool-info-loader-2-thread-1] lavalink.server.player.AudioLoader       : Loaded playlist Search results for: blyat remix
2019-05-14 22:35:49.619  INFO 15328 --- [XNIO-2 I/O-3] lavalink.server.io.SocketServer          : {"track":"QAAAqwIARkRKIEJseWF0bWFuICYgUnVzc2lhbiBWaWxsYWdlIEJveXMgLSBDeWthIEJseWF0IChPZmZpY2lhbCBNdXNpYyBWaWRlbykAC0RKIEJseWF0bWFuAAAAAAACytgAC05xTTAzMmRuUHRrAAEAK2h0dHBzOi8vd3d3LnlvdXR1YmUuY29tL3dhdGNoP3Y9TnFNMDMyZG5QdGsAB3lvdXR1YmUAAAAAAAAAAA==","startTime":0,"stopTime":183000,"noReplace":true,"guildId":"238744571213905920","op":"play"}
2019-05-14 22:35:58.805  INFO 15328 --- [XNIO-2 I/O-3] lavalink.server.io.SocketServer          : {"guildId":"238744571213905920","op":"stop"}
2019-05-14 22:36:11.506  INFO 15328 --- [XNIO-2 task-30] l.server.player.AudioLoaderRestHandler   : GET /loadtracks
2019-05-14 22:36:11.949  INFO 15328 --- [lava-daemon-pool-info-loader-2-thread-1] lavalink.server.player.AudioLoader       : Loaded playlist Search results for: dj blyatman
2019-05-14 22:36:13.126  INFO 15328 --- [XNIO-2 I/O-3] lavalink.server.io.SocketServer          : {"track":"QAAAqwIARkRKIEJseWF0bWFuICYgUnVzc2lhbiBWaWxsYWdlIEJveXMgLSBDeWthIEJseWF0IChPZmZpY2lhbCBNdXNpYyBWaWRlbykAC0RKIEJseWF0bWFuAAAAAAACytgAC05xTTAzMmRuUHRrAAEAK2h0dHBzOi8vd3d3LnlvdXR1YmUuY29tL3dhdGNoP3Y9TnFNMDMyZG5QdGsAB3lvdXR1YmUAAAAAAAAAAA==","startTime":0,"stopTime":183000,"noReplace":true,"guildId":"238744571213905920","op":"play"}
2019-05-14 22:36:22.414  INFO 15328 --- [XNIO-2 I/O-3] lavalink.server.io.SocketServer          : {"guildId":"238744571213905920","op":"stop"}
2019-05-14 22:36:26.739  INFO 15328 --- [XNIO-2 task-32] l.server.player.AudioLoaderRestHandler   : GET /loadtracks
2019-05-14 22:36:27.306  INFO 15328 --- [lava-daemon-pool-info-loader-2-thread-1] lavalink.server.player.AudioLoader       : Loaded playlist Search results for: russian dubstep
2019-05-14 22:36:27.501  INFO 15328 --- [XNIO-2 I/O-3] lavalink.server.io.SocketServer          : {"track":"QAAAkAIAM0Jlc3Qgb2YgUnVzc2lhbiBIYXJkIEJhc3MgSG91c2UgTWl4IDIwMTYgWFMgUHJvamVjdAADTGVhAAAAAAAgvtAAC3ZOWGdrbm96eWh3AAEAK2h0dHBzOi8vd3d3LnlvdXR1YmUuY29tL3dhdGNoP3Y9dk5YZ2tub3p5aHcAB3lvdXR1YmUAAAAAAAAAAA==","startTime":0,"stopTime":2146000,"noReplace":true,"guildId":"238744571213905920","op":"play"}
2019-05-14 22:36:38.547  INFO 15328 --- [XNIO-2 I/O-3] lavalink.server.io.SocketServer          : {"guildId":"238744571213905920","op":"stop"}
2019-05-14 22:37:06.335  INFO 15328 --- [XNIO-2 task-34] l.server.player.AudioLoaderRestHandler   : GET /loadtracks
2019-05-14 22:37:06.685  INFO 15328 --- [lava-daemon-pool-info-loader-2-thread-1] lavalink.server.player.AudioLoader       : Loaded playlist Search results for: https://www.youtube.com/watch?v=SX-N75-xbYU
2019-05-14 22:37:06.857  INFO 15328 --- [XNIO-2 I/O-3] lavalink.server.io.SocketServer          : {"track":"QAAAiAIAKk1pbmVjcmFmdCBLaWQgc2NyZWFtaW5nIEJseWF0ISEgKEVhciBSYXBlKQAEZmxvVwAAAAAAADLIAAtTWC1ONzUteGJZVQABACtodHRwczovL3d3dy55b3V0dWJlLmNvbS93YXRjaD92PVNYLU43NS14YllVAAd5b3V0dWJlAAAAAAAAAAA=","startTime":0,"stopTime":13000,"noReplace":true,"guildId":"238744571213905920","op":"play"}
2019-05-14 22:37:08.336  INFO 15328 --- [XNIO-2 I/O-3] lavalink.server.io.SocketServer          : {"volume":150,"guildId":"238744571213905920","op":"volume"}
2019-05-14 22:47:44.132  INFO 15328 --- [XNIO-2 task-36] l.server.player.AudioLoaderRestHandler   : GET /loadtracks
2019-05-14 22:47:44.670  INFO 15328 --- [lava-daemon-pool-info-loader-2-thread-1] lavalink.server.player.AudioLoader       : Loaded playlist Search results for: gfe asmr
2019-05-14 22:47:44.864  INFO 15328 --- [XNIO-2 I/O-3] lavalink.server.io.SocketServer          : {"track":"QAAAxQIAXUxvdmluZyBHaXJsZnJpZW5kIEFTTVIgUm9sZXBsYXkgKEdlbmRlciBOZXV0cmFsKSAoR0ZFKSAoUmVsYXhhdGlvbikgKFN0cmVzcyBSZWxpZWYpIChLaXNzaW5nKQAORGFuZ2Vyb3VzIEFTTVIAAAAAAAuJIAALTWtSUVFqbXd1aVUAAQAraHR0cHM6Ly93d3cueW91dHViZS5jb20vd2F0Y2g/dj1Na1JRUWptd3VpVQAHeW91dHViZQAAAAAAAAAA","startTime":0,"stopTime":756000,"noReplace":true,"guildId":"238744571213905920","op":"play"}
2019-05-14 22:47:45.599  INFO 15328 --- [XNIO-2 I/O-3] lavalink.server.io.SocketServer          : {"volume":150,"guildId":"238744571213905920","op":"volume"}
2019-05-14 22:49:39.442  INFO 15328 --- [XNIO-2 I/O-3] lavalink.server.io.SocketServer          : {"guildId":"238744571213905920","op":"stop"}
2019-05-14 22:50:00.820  INFO 15328 --- [XNIO-2 task-38] l.server.player.AudioLoaderRestHandler   : GET /loadtracks
2019-05-14 22:50:01.508  INFO 15328 --- [lava-daemon-pool-info-loader-2-thread-1] lavalink.server.player.AudioLoader       : Loaded playlist Search results for: asmr eating
2019-05-14 22:50:01.688  INFO 15328 --- [XNIO-2 I/O-3] lavalink.server.io.SocketServer          : {"track":"QAAAoQIAP0FTTVIgTU9TVCBQT1BVTEFSIERFU1NFUlQgKEVBVElORyBTT1VORFMpIE5PIFRBTEtJTkcgfCBTQVMtQVNNUgAIU0FTLUFTTVIAAAAAAAk7SAALNm16TTU4QXNRaWMAAQAraHR0cHM6Ly93d3cueW91dHViZS5jb20vd2F0Y2g/dj02bXpNNThBc1FpYwAHeW91dHViZQAAAAAAAAAA","startTime":0,"stopTime":605000,"noReplace":true,"guildId":"238744571213905920","op":"play"}
2019-05-14 22:50:10.721  INFO 15328 --- [XNIO-2 I/O-3] lavalink.server.io.SocketServer          : {"guildId":"238744571213905920","op":"stop"}
2019-05-14 22:50:23.909  INFO 15328 --- [XNIO-2 task-40] l.server.player.AudioLoaderRestHandler   : GET /loadtracks
2019-05-14 22:50:24.253  INFO 15328 --- [lava-daemon-pool-info-loader-2-thread-1] lavalink.server.player.AudioLoader       : Loaded playlist Search results for: https://www.youtube.com/watch?v=hRqQQ77BuH8
2019-05-14 22:50:24.409  INFO 15328 --- [XNIO-2 I/O-3] lavalink.server.io.SocketServer          : {"track":"QAAAugIAVFBsYXlpbmcgd2l0aCAxMDAwMCBtaW5pIG1hZ25ldGljIGJhbGxzISAoT2RkbHkgU2F0aXNmeWluZywgQVNNUiAmIDEwMDAwIGJ1Y2t5YmFsbHMhKQAMaUJ1eU5ld1N0dWZmAAAAAAAGRXgAC2hScVFRNzdCdUg4AAEAK2h0dHBzOi8vd3d3LnlvdXR1YmUuY29tL3dhdGNoP3Y9aFJxUVE3N0J1SDgAB3lvdXR1YmUAAAAAAAAAAA==","startTime":0,"stopTime":411000,"noReplace":true,"guildId":"238744571213905920","op":"play"}
2019-05-14 22:52:00.482  INFO 15328 --- [XNIO-2 task-42] l.server.player.AudioLoaderRestHandler   : GET /loadtracks
2019-05-14 22:52:00.831  INFO 15328 --- [lava-daemon-pool-info-loader-2-thread-1] lavalink.server.player.AudioLoader       : Loaded playlist Search results for: https://www.youtube.com/watch?v=-MGxPJLnfW0
2019-05-14 22:52:01.912  INFO 15328 --- [XNIO-2 I/O-3] lavalink.server.io.SocketServer          : {"guildId":"238744571213905920","op":"stop"}
2019-05-14 22:52:01.913  INFO 15328 --- [XNIO-2 I/O-3] lavalink.server.io.SocketServer          : {"track":"QAAAxgIAVkFTTVIg7ZWY64qUIOqzoOyWkeydtCEoUHVycmluZyAmIGVhciBsaWNraW5nIHNvdW5kKeq/gOq/gOyEoOyVhCxzdW5hIGFzbXIs6Z+z44OV44Kn44OBABZBU01SIFN1bmEg6r+A6r+A7ISg7JWEAAAAAAAe7fgACy1NR3hQSkxuZlcwAAEAK2h0dHBzOi8vd3d3LnlvdXR1YmUuY29tL3dhdGNoP3Y9LU1HeFBKTG5mVzAAB3lvdXR1YmUAAAAAAAAAAA==","startTime":0,"stopTime":2027000,"noReplace":true,"guildId":"238744571213905920","op":"play"}
2019-05-14 22:52:01.915  INFO 15328 --- [XNIO-2 I/O-3] lavalink.server.io.SocketServer          : {"track":"QAAAxgIAVkFTTVIg7ZWY64qUIOqzoOyWkeydtCEoUHVycmluZyAmIGVhciBsaWNraW5nIHNvdW5kKeq/gOq/gOyEoOyVhCxzdW5hIGFzbXIs6Z+z44OV44Kn44OBABZBU01SIFN1bmEg6r+A6r+A7ISg7JWEAAAAAAAe7fgACy1NR3hQSkxuZlcwAAEAK2h0dHBzOi8vd3d3LnlvdXR1YmUuY29tL3dhdGNoP3Y9LU1HeFBKTG5mVzAAB3lvdXR1YmUAAAAAAAAAAA==","startTime":0,"stopTime":2027000,"noReplace":true,"guildId":"238744571213905920","op":"play"}
2019-05-14 22:52:01.916  INFO 15328 --- [XNIO-2 I/O-3] lavalink.server.io.WebSocketHandlers     : Skipping play request because of noReplace
2019-05-14 22:52:12.566  INFO 15328 --- [XNIO-2 I/O-3] lavalink.server.io.SocketServer          : {"guildId":"238744571213905920","op":"stop"}
2019-05-14 22:58:53.883  INFO 15328 --- [XNIO-2 task-44] l.server.player.AudioLoaderRestHandler   : GET /loadtracks
2019-05-14 22:58:54.249  INFO 15328 --- [lava-daemon-pool-info-loader-2-thread-1] lavalink.server.player.AudioLoader       : Loaded playlist Search results for: https://www.youtube.com/watch?v=-MGxPJLnfW0
2019-05-14 22:58:54.456  INFO 15328 --- [XNIO-2 I/O-3] lavalink.server.io.SocketServer          : {"track":"QAAAxgIAVkFTTVIg7ZWY64qUIOqzoOyWkeydtCEoUHVycmluZyAmIGVhciBsaWNraW5nIHNvdW5kKeq/gOq/gOyEoOyVhCxzdW5hIGFzbXIs6Z+z44OV44Kn44OBABZBU01SIFN1bmEg6r+A6r+A7ISg7JWEAAAAAAAe7fgACy1NR3hQSkxuZlcwAAEAK2h0dHBzOi8vd3d3LnlvdXR1YmUuY29tL3dhdGNoP3Y9LU1HeFBKTG5mVzAAB3lvdXR1YmUAAAAAAAAAAA==","startTime":0,"stopTime":2027000,"noReplace":true,"guildId":"238744571213905920","op":"play"}
2019-05-14 22:59:09.910  INFO 15328 --- [XNIO-2 I/O-3] lavalink.server.io.SocketServer          : {"guildId":"238744571213905920","op":"stop"}
2019-05-14 22:59:21.882  INFO 15328 --- [XNIO-2 I/O-3] lavalink.server.io.SocketServer          : Connection closed from /127.0.0.1:63103 -- CloseStatus[code=1006, reason=]
2019-05-14 22:59:21.883  INFO 15328 --- [XNIO-2 I/O-3] lavalink.server.io.SocketContext         : Shutting down 0 playing players.
2019-05-14 22:59:21.889  INFO 15328 --- [XNIO-2 I/O-3] c.s.d.l.tools.GarbageCollectionMonitor   : GC monitoring disabled.
2019-05-14 22:59:21.925  INFO 15328 --- [parallel-8] s.n.magma.connections.AudioWebSocket     : Websocket to wss://eu-central536.discord.gg/?v=4 closed with code 1000 and reason 
2019-05-14 22:59:21.926  WARN 15328 --- [parallel-8] s.n.magma.connections.AudioWebSocket     : Connection closed due to [1000 HEARTBEAT_TIMEOUT] . This could indicate an issue with the magma library or your usage of it. Please get in touch. https://github.com/napstr/Magma/issues
2019-05-14 22:59:21.926  INFO 15328 --- [parallel-8] s.n.magma.connections.AudioWebSocket     : Resuming
2019-05-14 23:04:50.483  INFO 15328 --- [XNIO-2 task-46] l.server.io.HandshakeInterceptorImpl     : Incoming connection from /127.0.0.1:49619
2019-05-14 23:04:50.486  INFO 15328 --- [XNIO-2 task-46] c.s.d.l.tools.GarbageCollectionMonitor   : GC monitoring enabled, reporting results every 2 minutes.
2019-05-14 23:04:50.491  INFO 15328 --- [XNIO-2 task-46] lavalink.server.io.SocketServer          : Connection successfully established from /127.0.0.1:49619
2019-05-14 23:05:11.783  INFO 15328 --- [XNIO-2 task-47] l.server.player.AudioLoaderRestHandler   : GET /loadtracks
2019-05-14 23:05:12.272  INFO 15328 --- [lava-daemon-pool-info-loader-2-thread-1] lavalink.server.player.AudioLoader       : Loaded playlist Search results for: protectors of the earth
2019-05-14 23:05:12.501  INFO 15328 --- [XNIO-2 I/O-7] lavalink.server.io.SocketServer          : {"track":"QAAAjwIALVR3byBTdGVwcyBGcm9tIEhlbGwgLSBQcm90ZWN0b3JzIG9mIHRoZSBFYXJ0aAAIZXNoYXJldGgAAAAAAAKb+AALQVNqODFkYXVuNVEAAQAraHR0cHM6Ly93d3cueW91dHViZS5jb20vd2F0Y2g/dj1BU2o4MWRhdW41UQAHeW91dHViZQAAAAAAAAAA","startTime":0,"stopTime":171000,"noReplace":true,"guildId":"238744571213905920","op":"play"}
2019-05-14 23:05:12.827  INFO 15328 --- [XNIO-2 I/O-7] lavalink.server.io.SocketServer          : {"sessionId":"edb872e4ade45246aecd9bcf5da76ed8","event":{"token":"6466bfba51a1a106","guild_id":"238744571213905920","endpoint":"eu-central536.discord.gg:80"},"guildId":"238744571213905920","op":"voiceUpdate"}
2019-05-14 23:08:51.214  INFO 15328 --- [XNIO-2 task-49] l.server.player.AudioLoaderRestHandler   : GET /loadtracks
2019-05-14 23:08:51.684  INFO 15328 --- [lava-daemon-pool-info-loader-2-thread-1] lavalink.server.player.AudioLoader       : Loaded playlist Search results for: victory
2019-05-14 23:08:52.161  INFO 15328 --- [XNIO-2 I/O-7] lavalink.server.io.SocketServer          : {"track":"QAAAigIAHVR3byBTdGVwcyBGcm9tIEhlbGwgLSBWaWN0b3J5ABNUd28gU3RlcHMgRnJvbSBIZWxsAAAAAAAFBSgAC2hLUlVQWXJBUW9FAAEAK2h0dHBzOi8vd3d3LnlvdXR1YmUuY29tL3dhdGNoP3Y9aEtSVVBZckFRb0UAB3lvdXR1YmUAAAAAAAAAAA==","startTime":0,"stopTime":329000,"noReplace":true,"guildId":"238744571213905920","op":"play"}
2019-05-14 23:13:04.446  INFO 15328 --- [XNIO-2 task-51] l.server.player.AudioLoaderRestHandler   : GET /loadtracks
2019-05-14 23:13:04.784  INFO 15328 --- [lava-daemon-pool-info-loader-2-thread-1] lavalink.server.player.AudioLoader       : Loaded playlist Search results for: https://www.youtube.com/watch?v=-MGxPJLnfW0
2019-05-14 23:14:10.970  INFO 15328 --- [XNIO-2 I/O-7] lavalink.server.io.SocketServer          : {"guildId":"238744571213905920","op":"stop"}
2019-05-14 23:14:10.971  INFO 15328 --- [XNIO-2 I/O-7] lavalink.server.io.SocketServer          : {"track":"QAAAxgIAVkFTTVIg7ZWY64qUIOqzoOyWkeydtCEoUHVycmluZyAmIGVhciBsaWNraW5nIHNvdW5kKeq/gOq/gOyEoOyVhCxzdW5hIGFzbXIs6Z+z44OV44Kn44OBABZBU01SIFN1bmEg6r+A6r+A7ISg7JWEAAAAAAAe7fgACy1NR3hQSkxuZlcwAAEAK2h0dHBzOi8vd3d3LnlvdXR1YmUuY29tL3dhdGNoP3Y9LU1HeFBKTG5mVzAAB3lvdXR1YmUAAAAAAAAAAA==","startTime":0,"stopTime":2027000,"noReplace":true,"guildId":"238744571213905920","op":"play"}
2019-05-14 23:14:22.334  INFO 15328 --- [XNIO-2 I/O-7] lavalink.server.io.SocketServer          : {"guildId":"238744571213905920","op":"stop"}
2019-05-14 23:14:47.860  INFO 15328 --- [XNIO-2 task-53] l.server.player.AudioLoaderRestHandler   : GET /loadtracks
2019-05-14 23:14:48.383  INFO 15328 --- [lava-daemon-pool-info-loader-2-thread-1] lavalink.server.player.AudioLoader       : Loaded playlist Search results for: sean banan
2019-05-14 23:14:48.671  INFO 15328 --- [XNIO-2 I/O-7] lavalink.server.io.SocketServer          : {"track":"QAAAqAIAQVNlYW4gQmFuYW4gLSBDb3BhY2FiYW5hbmEgRmluYWwgSEQgKE1lbG9kaWZlc3RpdmFsZW4gMjAxMykgU3dlZGVuAA1HcmVnb3J5IEhvdXNlAAAAAAADFRAAC1dvSkQ2MWFrYnk0AAEAK2h0dHBzOi8vd3d3LnlvdXR1YmUuY29tL3dhdGNoP3Y9V29KRDYxYWtieTQAB3lvdXR1YmUAAAAAAAAAAA==","startTime":0,"stopTime":202000,"noReplace":true,"guildId":"238744571213905920","op":"play"}
2019-05-14 23:18:34.700  INFO 15328 --- [XNIO-2 task-55] l.server.player.AudioLoaderRestHandler   : GET /loadtracks
2019-05-14 23:18:35.127  INFO 15328 --- [lava-daemon-pool-info-loader-2-thread-1] lavalink.server.player.AudioLoader       : Loaded playlist Search results for: skaka rumpa
2019-05-14 23:18:35.293  INFO 15328 --- [XNIO-2 I/O-7] lavalink.server.io.SocketServer          : {"track":"QAAAhAIAGFNlYW4gQmFuYW4gLSBTa2FrYSBSdW1wYQASc2VhbmJhbmFubXVzaWNWRVZPAAAAAAACt1AAC3pkQUh1ZU9VNkNjAAEAK2h0dHBzOi8vd3d3LnlvdXR1YmUuY29tL3dhdGNoP3Y9emRBSHVlT1U2Q2MAB3lvdXR1YmUAAAAAAAAAAA==","startTime":0,"stopTime":178000,"noReplace":true,"guildId":"238744571213905920","op":"play"}
2019-05-14 23:22:45.066  INFO 15328 --- [XNIO-2 task-57] l.server.player.AudioLoaderRestHandler   : GET /loadtracks
2019-05-14 23:22:45.716  INFO 15328 --- [lava-daemon-pool-info-loader-2-thread-1] lavalink.server.player.AudioLoader       : Loaded playlist Search results for: alesso
2019-05-14 23:22:45.899  INFO 15328 --- [XNIO-2 I/O-7] lavalink.server.io.SocketServer          : {"track":"QAAAkgIAMkFsZXNzbyB8IFVsdHJhIE11c2ljIEZlc3RpdmFsIDIwMTkgKEZ1bGwgU2V0IExJVkUpAAZBbGVzc28AAAAAAEwgSAALZFR5VC1uTlBMOGcAAQAraHR0cHM6Ly93d3cueW91dHViZS5jb20vd2F0Y2g/dj1kVHlULW5OUEw4ZwAHeW91dHViZQAAAAAAAAAA","startTime":0,"stopTime":4989000,"noReplace":true,"guildId":"238744571213905920","op":"play"}
2019-05-14 23:27:42.365  INFO 15328 --- [XNIO-2 task-59] l.server.player.AudioLoaderRestHandler   : GET /loadtracks
2019-05-14 23:27:42.969  INFO 15328 --- [lava-daemon-pool-info-loader-2-thread-1] lavalink.server.player.AudioLoader       : Loaded playlist Search results for: alesso tomorrowland
2019-05-14 23:28:52.408  INFO 15328 --- [XNIO-2 task-61] l.server.player.AudioLoaderRestHandler   : GET /loadtracks
2019-05-14 23:28:53.054  INFO 15328 --- [lava-daemon-pool-info-loader-2-thread-1] lavalink.server.player.AudioLoader       : Loaded playlist Search results for: earth
2019-05-14 23:28:56.707  INFO 15328 --- [XNIO-2 I/O-7] lavalink.server.io.SocketServer          : {"guildId":"238744571213905920","op":"stop"}
2019-05-14 23:28:56.708  INFO 15328 --- [XNIO-2 I/O-7] lavalink.server.io.SocketServer          : {"track":"QAAAlAIANEFsZXNzbyB8IFRvbW9ycm93bGFuZCAyMDE4IFdlZWtlbmQgMiAoRnVsbCBTZXQgTElWRSkABkFsZXNzbwAAAAAAQItwAAtEc1htcHppazlJYwABACtodHRwczovL3d3dy55b3V0dWJlLmNvbS93YXRjaD92PURzWG1wemlrOUljAAd5b3V0dWJlAAAAAAAAAAA=","startTime":0,"stopTime":4230000,"noReplace":true,"guildId":"238744571213905920","op":"play"}
2019-05-14 23:28:56.709  INFO 15328 --- [XNIO-2 I/O-7] lavalink.server.io.SocketServer          : {"track":"QAAAlAIANEFsZXNzbyB8IFRvbW9ycm93bGFuZCAyMDE4IFdlZWtlbmQgMiAoRnVsbCBTZXQgTElWRSkABkFsZXNzbwAAAAAAQItwAAtEc1htcHppazlJYwABACtodHRwczovL3d3dy55b3V0dWJlLmNvbS93YXRjaD92PURzWG1wemlrOUljAAd5b3V0dWJlAAAAAAAAAAA=","startTime":0,"stopTime":4230000,"noReplace":true,"guildId":"238744571213905920","op":"play"}
2019-05-14 23:28:56.710  INFO 15328 --- [XNIO-2 I/O-7] lavalink.server.io.WebSocketHandlers     : Skipping play request because of noReplace
2019-05-14 23:29:04.446  INFO 15328 --- [XNIO-2 I/O-7] lavalink.server.io.SocketServer          : {"guildId":"238744571213905920","op":"stop"}
2019-05-14 23:29:04.447  INFO 15328 --- [XNIO-2 I/O-7] lavalink.server.io.SocketServer          : {"track":"QAAAiwIAKExpbCBEaWNreSAtIEVhcnRoIChPZmZpY2lhbCBNdXNpYyBWaWRlbykACUxpbCBEaWNreQAAAAAABpeAAAtwdnVOX1d2RjF0bwABACtodHRwczovL3d3dy55b3V0dWJlLmNvbS93YXRjaD92PXB2dU5fV3ZGMXRvAAd5b3V0dWJlAAAAAAAAAAA=","startTime":0,"stopTime":432000,"noReplace":true,"guildId":"238744571213905920","op":"play"}
2019-05-14 23:29:04.448  INFO 15328 --- [XNIO-2 I/O-7] lavalink.server.io.SocketServer          : {"track":"QAAAiwIAKExpbCBEaWNreSAtIEVhcnRoIChPZmZpY2lhbCBNdXNpYyBWaWRlbykACUxpbCBEaWNreQAAAAAABpeAAAtwdnVOX1d2RjF0bwABACtodHRwczovL3d3dy55b3V0dWJlLmNvbS93YXRjaD92PXB2dU5fV3ZGMXRvAAd5b3V0dWJlAAAAAAAAAAA=","startTime":0,"stopTime":432000,"noReplace":true,"guildId":"238744571213905920","op":"play"}
2019-05-14 23:29:04.448  INFO 15328 --- [XNIO-2 I/O-7] lavalink.server.io.WebSocketHandlers     : Skipping play request because of noReplace
2019-05-14 23:33:32.809  INFO 15328 --- [XNIO-2 I/O-7] lavalink.server.io.SocketServer          : {"guildId":"238744571213905920","op":"stop"}
2019-05-14 23:33:36.680  INFO 15328 --- [XNIO-2 task-63] l.server.player.AudioLoaderRestHandler   : GET /loadtracks
2019-05-14 23:33:37.287  INFO 15328 --- [lava-daemon-pool-info-loader-2-thread-1] lavalink.server.player.AudioLoader       : Loaded playlist Search results for: i cum blood
2019-05-14 23:33:37.468  INFO 15328 --- [XNIO-2 I/O-7] lavalink.server.io.SocketServer          : {"track":"QAAAtAIAOENhbm5pYmFsIENvcnBzZSAtIEkgQ3VtIEJsb29kIFtMeXJpY3MgT24gU2NyZWVuXSBbMTA4MHBdACJUaGlzIENoYW5uZWwgSXMgTm90IEluIFVzZSBBbnltb3JlAAAAAAADYzAACzZ5SUJwNENIS1lBAAEAK2h0dHBzOi8vd3d3LnlvdXR1YmUuY29tL3dhdGNoP3Y9NnlJQnA0Q0hLWUEAB3lvdXR1YmUAAAAAAAAAAA==","startTime":0,"stopTime":222000,"noReplace":true,"guildId":"238744571213905920","op":"play"}
2019-05-14 23:34:07.423  INFO 15328 --- [XNIO-2 I/O-7] lavalink.server.io.SocketServer          : {"guildId":"238744571213905920","op":"stop"}
2019-05-14 23:34:18.444  INFO 15328 --- [XNIO-2 task-1] l.server.player.AudioLoaderRestHandler   : GET /loadtracks
2019-05-14 23:34:19.834  INFO 15328 --- [lava-daemon-pool-info-loader-2-thread-1] lavalink.server.player.AudioLoader       : Loaded playlist Search results for: music
2019-05-14 23:34:19.998  INFO 15328 --- [XNIO-2 I/O-7] lavalink.server.io.SocketServer          : {"track":"QAAAiwIAKExpbCBEaWNreSAtIEVhcnRoIChPZmZpY2lhbCBNdXNpYyBWaWRlbykACUxpbCBEaWNreQAAAAAABpeAAAtwdnVOX1d2RjF0bwABACtodHRwczovL3d3dy55b3V0dWJlLmNvbS93YXRjaD92PXB2dU5fV3ZGMXRvAAd5b3V0dWJlAAAAAAAAAAA=","startTime":0,"stopTime":432000,"noReplace":true,"guildId":"238744571213905920","op":"play"}
2019-05-14 23:34:26.868  INFO 15328 --- [XNIO-2 I/O-7] lavalink.server.io.SocketServer          : {"guildId":"238744571213905920","op":"stop"}
2019-05-14 23:34:35.589  INFO 15328 --- [XNIO-2 task-3] l.server.player.AudioLoaderRestHandler   : GET /loadtracks
2019-05-14 23:34:36.289  INFO 15328 --- [lava-daemon-pool-info-loader-2-thread-1] lavalink.server.player.AudioLoader       : Loaded playlist Search results for: remix of popular songs
2019-05-14 23:34:36.460  INFO 15328 --- [XNIO-2 I/O-7] lavalink.server.io.SocketServer          : {"track":"QAAAxQIAYEJlc3QgUmVtaXhlcyBPZiBQb3B1bGFyIFNvbmdzIHwgQWxsIFRpbWUgQ2xhc3NpY3MgTWl4IDIwMTggfCBOZXcgTWVsYm91cm5lIEJvdW5jZSBNdXNpYyB8IENoYXJ0cwALREpFa2tpTXVzaWMAAAAAADo+KAALWl9FUDI4VUc2M3cAAQAraHR0cHM6Ly93d3cueW91dHViZS5jb20vd2F0Y2g/dj1aX0VQMjhVRzYzdwAHeW91dHViZQAAAAAAAAAA","startTime":0,"stopTime":3817000,"noReplace":true,"guildId":"238744571213905920","op":"play"}
2019-05-14 23:51:35.570  INFO 15328 --- [XNIO-2 task-5] l.server.player.AudioLoaderRestHandler   : GET /loadtracks
2019-05-14 23:51:35.936  INFO 15328 --- [lava-daemon-pool-info-loader-2-thread-1] lavalink.server.player.AudioLoader       : Loaded playlist Search results for: https://www.youtube.com/watch?v=JbpELXgyQzE
2019-05-14 23:51:37.003  INFO 15328 --- [XNIO-2 I/O-7] lavalink.server.io.SocketServer          : {"guildId":"238744571213905920","op":"stop"}
2019-05-14 23:51:37.005  INFO 15328 --- [XNIO-2 I/O-7] lavalink.server.io.SocketServer          : {"track":"QAAAggIAIkJhaGFyaSAtIDooIFtPZmZpY2lhbCBMeXJpYyBWaWRlb10ABkJhaGFyaQAAAAAAAt5gAAtKYnBFTFhneVF6RQABACtodHRwczovL3d3dy55b3V0dWJlLmNvbS93YXRjaD92PUpicEVMWGd5UXpFAAd5b3V0dWJlAAAAAAAAAAA=","startTime":0,"stopTime":188000,"noReplace":true,"guildId":"238744571213905920","op":"play"}
2019-05-14 23:51:37.009  INFO 15328 --- [XNIO-2 I/O-7] lavalink.server.io.SocketServer          : {"track":"QAAAggIAIkJhaGFyaSAtIDooIFtPZmZpY2lhbCBMeXJpYyBWaWRlb10ABkJhaGFyaQAAAAAAAt5gAAtKYnBFTFhneVF6RQABACtodHRwczovL3d3dy55b3V0dWJlLmNvbS93YXRjaD92PUpicEVMWGd5UXpFAAd5b3V0dWJlAAAAAAAAAAA=","startTime":0,"stopTime":188000,"noReplace":true,"guildId":"238744571213905920","op":"play"}
2019-05-14 23:51:37.010  INFO 15328 --- [XNIO-2 I/O-7] lavalink.server.io.WebSocketHandlers     : Skipping play request because of noReplace
2019-05-14 23:51:51.173  INFO 15328 --- [XNIO-2 task-7] l.server.player.AudioLoaderRestHandler   : GET /loadtracks
2019-05-14 23:51:51.618  INFO 15328 --- [lava-daemon-pool-info-loader-2-thread-1] lavalink.server.player.AudioLoader       : Loaded playlist Search results for: d4nny
2019-05-14 23:54:34.759  INFO 15328 --- [XNIO-2 I/O-7] lavalink.server.io.SocketServer          : {"guildId":"238744571213905920","op":"stop"}
2019-05-14 23:54:34.760  INFO 15328 --- [XNIO-2 I/O-7] lavalink.server.io.SocketServer          : {"track":"QAAAhQIAJkQ0Tk5ZIC0gR29vZGJ5ZSAoT2ZmaWNpYWwgTXVzaWMgVmlkZW8pAAVENE5OWQAAAAAAA5IQAAt1blJsZExkbGxaOAABACtodHRwczovL3d3dy55b3V0dWJlLmNvbS93YXRjaD92PXVuUmxkTGRsbFo4AAd5b3V0dWJlAAAAAAAAAAA=","startTime":0,"stopTime":234000,"noReplace":true,"guildId":"238744571213905920","op":"play"}
2019-05-14 23:54:34.762  INFO 15328 --- [XNIO-2 I/O-7] lavalink.server.io.SocketServer          : {"track":"QAAAhQIAJkQ0Tk5ZIC0gR29vZGJ5ZSAoT2ZmaWNpYWwgTXVzaWMgVmlkZW8pAAVENE5OWQAAAAAAA5IQAAt1blJsZExkbGxaOAABACtodHRwczovL3d3dy55b3V0dWJlLmNvbS93YXRjaD92PXVuUmxkTGRsbFo4AAd5b3V0dWJlAAAAAAAAAAA=","startTime":0,"stopTime":234000,"noReplace":true,"guildId":"238744571213905920","op":"play"}
2019-05-14 23:54:34.763  INFO 15328 --- [XNIO-2 I/O-7] lavalink.server.io.WebSocketHandlers     : Skipping play request because of noReplace
2019-05-14 23:54:38.714  INFO 15328 --- [XNIO-2 I/O-7] lavalink.server.io.SocketServer          : Connection closed from /127.0.0.1:49619 -- CloseStatus[code=1006, reason=]
2019-05-14 23:54:38.716  INFO 15328 --- [XNIO-2 I/O-7] lavalink.server.io.SocketContext         : Shutting down 1 playing players.
2019-05-14 23:54:38.718  INFO 15328 --- [XNIO-2 I/O-7] c.s.d.l.tools.GarbageCollectionMonitor   : GC monitoring disabled.
2019-05-14 23:54:38.720  WARN 15328 --- [lava-daemon-pool-playback-20-thread-1] c.s.d.l.t.p.LocalAudioTrackExecutor      : Suspicious exception for playback of unRldLdllZ8

com.sedmelluq.discord.lavaplayer.tools.FriendlyException: The track was unexpectedly terminated.
	at com.sedmelluq.discord.lavaplayer.track.playback.LocalAudioTrackExecutor.handlePlaybackInterrupt(LocalAudioTrackExecutor.java:323) ~[lavaplayer-1.3.10.jar!/:na]
	at com.sedmelluq.discord.lavaplayer.track.playback.LocalAudioTrackExecutor.executeProcessingLoop(LocalAudioTrackExecutor.java:267) ~[lavaplayer-1.3.10.jar!/:na]
	at com.sedmelluq.discord.lavaplayer.container.matroska.MatroskaAudioTrack.process(MatroskaAudioTrack.java:38) ~[lavaplayer-1.3.10.jar!/:na]
	at com.sedmelluq.discord.lavaplayer.track.DelegatedAudioTrack.processDelegate(DelegatedAudioTrack.java:27) ~[lavaplayer-1.3.10.jar!/:na]
	at com.sedmelluq.discord.lavaplayer.source.youtube.YoutubeAudioTrack.processStatic(YoutubeAudioTrack.java:75) ~[lavaplayer-1.3.10.jar!/:na]
	at com.sedmelluq.discord.lavaplayer.source.youtube.YoutubeAudioTrack.process(YoutubeAudioTrack.java:67) ~[lavaplayer-1.3.10.jar!/:na]
	at com.sedmelluq.discord.lavaplayer.track.playback.LocalAudioTrackExecutor.execute(LocalAudioTrackExecutor.java:90) ~[lavaplayer-1.3.10.jar!/:na]
	at com.sedmelluq.discord.lavaplayer.player.DefaultAudioPlayerManager.lambda$executeTrack$1(DefaultAudioPlayerManager.java:349) ~[lavaplayer-1.3.10.jar!/:na]
	at java.base/java.util.concurrent.ThreadPoolExecutor.runWorker(ThreadPoolExecutor.java:1128) ~[na:na]
	at java.base/java.util.concurrent.ThreadPoolExecutor$Worker.run(ThreadPoolExecutor.java:628) ~[na:na]
	at java.base/java.lang.Thread.run(Thread.java:835) ~[na:na]
Caused by: java.lang.InterruptedException: null
	at java.base/java.util.concurrent.locks.AbstractQueuedSynchronizer$ConditionObject.reportInterruptAfterWait(AbstractQueuedSynchronizer.java:2056) ~[na:na]
	at java.base/java.util.concurrent.locks.AbstractQueuedSynchronizer$ConditionObject.await(AbstractQueuedSynchronizer.java:2090) ~[na:na]
	at java.base/java.util.concurrent.ArrayBlockingQueue.put(ArrayBlockingQueue.java:367) ~[na:na]
	at com.sedmelluq.discord.lavaplayer.track.playback.AllocatingAudioFrameBuffer.consume(AllocatingAudioFrameBuffer.java:173) ~[lavaplayer-1.3.10.jar!/:na]
	at com.sedmelluq.discord.lavaplayer.container.common.OpusPacketRouter.passThrough(OpusPacketRouter.java:166) ~[lavaplayer-1.3.10.jar!/:na]
	at com.sedmelluq.discord.lavaplayer.container.common.OpusPacketRouter.process(OpusPacketRouter.java:96) ~[lavaplayer-1.3.10.jar!/:na]
	at com.sedmelluq.discord.lavaplayer.container.matroska.MatroskaOpusTrackConsumer.consume(MatroskaOpusTrackConsumer.java:47) ~[lavaplayer-1.3.10.jar!/:na]
	at com.sedmelluq.discord.lavaplayer.container.matroska.MatroskaStreamingFile.processFrameInBlock(MatroskaStreamingFile.java:372) ~[lavaplayer-1.3.10.jar!/:na]
	at com.sedmelluq.discord.lavaplayer.container.matroska.MatroskaStreamingFile.parseClusterSimpleBlock(MatroskaStreamingFile.java:336) ~[lavaplayer-1.3.10.jar!/:na]
	at com.sedmelluq.discord.lavaplayer.container.matroska.MatroskaStreamingFile.parseNextCluster(MatroskaStreamingFile.java:321) ~[lavaplayer-1.3.10.jar!/:na]
	at com.sedmelluq.discord.lavaplayer.container.matroska.MatroskaStreamingFile.provideFrames(MatroskaStreamingFile.java:297) ~[lavaplayer-1.3.10.jar!/:na]
	at com.sedmelluq.discord.lavaplayer.container.matroska.MatroskaAudioTrack.lambda$process$0(MatroskaAudioTrack.java:39) ~[lavaplayer-1.3.10.jar!/:na]
	at com.sedmelluq.discord.lavaplayer.track.playback.LocalAudioTrackExecutor.executeProcessingLoop(LocalAudioTrackExecutor.java:257) ~[lavaplayer-1.3.10.jar!/:na]
	... 9 common frames omitted

2019-05-14 23:54:38.753  INFO 15328 --- [parallel-2] s.n.magma.connections.AudioWebSocket     : Websocket to wss://eu-central536.discord.gg/?v=4 closed with code 1000 and reason 
2019-05-14 23:54:38.753  WARN 15328 --- [parallel-2] s.n.magma.connections.AudioWebSocket     : Connection closed due to [1000 HEARTBEAT_TIMEOUT] . This could indicate an issue with the magma library or your usage of it. Please get in touch. https://github.com/napstr/Magma/issues
2019-05-14 23:54:38.754  INFO 15328 --- [parallel-2] s.n.magma.connections.AudioWebSocket     : Resuming
